The system is: Darwin - 17.7.0 - x86_64
Compiling the C compiler identification source file "CMakeCCompilerId.c" succeeded.
Compiler: /Applications/Xcode.app/Contents/Developer/Toolchains/XcodeDefault.xctoolchain/usr/bin/cc 
Build flags: 
Id flags:  

The output was:
0


Compilation of the C compiler identification source "CMakeCCompilerId.c" produced "a.out"

The C compiler identification is AppleClang, found in "/Users/bob/Src/sepVector/src/CMakeFiles/3.11.2/CompilerIdC/a.out"

Compiling the CXX compiler identification source file "CMakeCXXCompilerId.cpp" succeeded.
Compiler: /opt/local/bin/g++-mp-7 
Build flags: -O3
Id flags:  

The output was:
0


Compilation of the CXX compiler identification source "CMakeCXXCompilerId.cpp" produced "a.out"

The CXX compiler identification is GNU, found in "/Users/bob/Src/sepVector/src/CMakeFiles/3.11.2/CompilerIdCXX/a.out"

Determining if the C compiler works passed with the following output:
Change Dir: /Users/bob/Src/sepVector/src/CMakeFiles/CMakeTmp

Run Build Command:"/usr/bin/make" "cmTC_c6294/fast"
/Applications/Xcode.app/Contents/Developer/usr/bin/make -f CMakeFiles/cmTC_c6294.dir/build.make CMakeFiles/cmTC_c6294.dir/build
Building C object CMakeFiles/cmTC_c6294.dir/testCCompiler.c.o
/Applications/Xcode.app/Contents/Developer/Toolchains/XcodeDefault.xctoolchain/usr/bin/cc    -o CMakeFiles/cmTC_c6294.dir/testCCompiler.c.o   -c /Users/bob/Src/sepVector/src/CMakeFiles/CMakeTmp/testCCompiler.c
Linking C executable cmTC_c6294
/opt/local/bin/cmake -E cmake_link_script CMakeFiles/cmTC_c6294.dir/link.txt --verbose=1
/Applications/Xcode.app/Contents/Developer/Toolchains/XcodeDefault.xctoolchain/usr/bin/cc   -Wl,-search_paths_first -Wl,-headerpad_max_install_names   CMakeFiles/cmTC_c6294.dir/testCCompiler.c.o  -o cmTC_c6294 


Detecting C compiler ABI info compiled with the following output:
Change Dir: /Users/bob/Src/sepVector/src/CMakeFiles/CMakeTmp

Run Build Command:"/usr/bin/make" "cmTC_4d718/fast"
/Applications/Xcode.app/Contents/Developer/usr/bin/make -f CMakeFiles/cmTC_4d718.dir/build.make CMakeFiles/cmTC_4d718.dir/build
Building C object CMakeFiles/cmTC_4d718.dir/CMakeCCompilerABI.c.o
/Applications/Xcode.app/Contents/Developer/Toolchains/XcodeDefault.xctoolchain/usr/bin/cc    -o CMakeFiles/cmTC_4d718.dir/CMakeCCompilerABI.c.o   -c /opt/local/share/cmake-3.11/Modules/CMakeCCompilerABI.c
Linking C executable cmTC_4d718
/opt/local/bin/cmake -E cmake_link_script CMakeFiles/cmTC_4d718.dir/link.txt --verbose=1
/Applications/Xcode.app/Contents/Developer/Toolchains/XcodeDefault.xctoolchain/usr/bin/cc   -Wl,-search_paths_first -Wl,-headerpad_max_install_names  -v -Wl,-v CMakeFiles/cmTC_4d718.dir/CMakeCCompilerABI.c.o  -o cmTC_4d718 
Apple LLVM version 9.1.0 (clang-902.0.39.2)
Target: x86_64-apple-darwin17.7.0
Thread model: posix
InstalledDir: /Applications/Xcode.app/Contents/Developer/Toolchains/XcodeDefault.xctoolchain/usr/bin
 "/Applications/Xcode.app/Contents/Developer/Toolchains/XcodeDefault.xctoolchain/usr/bin/ld" -demangle -lto_library /Applications/Xcode.app/Contents/Developer/Toolchains/XcodeDefault.xctoolchain/usr/lib/libLTO.dylib -dynamic -arch x86_64 -macosx_version_min 10.13.0 -o cmTC_4d718 -search_paths_first -headerpad_max_install_names -v CMakeFiles/cmTC_4d718.dir/CMakeCCompilerABI.c.o -lSystem /Applications/Xcode.app/Contents/Developer/Toolchains/XcodeDefault.xctoolchain/usr/lib/clang/9.1.0/lib/darwin/libclang_rt.osx.a
@(#)PROGRAM:ld  PROJECT:ld64-351.8
configured to support archs: armv6 armv7 armv7s arm64 i386 x86_64 x86_64h armv6m armv7k armv7m armv7em (tvOS)
Library search paths:
	/usr/lib
	/usr/local/lib
Framework search paths:
	/Library/Frameworks/
	/System/Library/Frameworks/


Parsed C implicit link information from above output:
  link line regex: [^( *|.*[/\])(ld|CMAKE_LINK_STARTFILE-NOTFOUND|([^/\]+-)?ld|collect2)[^/\]*( |$)]
  ignore line: [Change Dir: /Users/bob/Src/sepVector/src/CMakeFiles/CMakeTmp]
  ignore line: []
  ignore line: [Run Build Command:"/usr/bin/make" "cmTC_4d718/fast"]
  ignore line: [/Applications/Xcode.app/Contents/Developer/usr/bin/make -f CMakeFiles/cmTC_4d718.dir/build.make CMakeFiles/cmTC_4d718.dir/build]
  ignore line: [Building C object CMakeFiles/cmTC_4d718.dir/CMakeCCompilerABI.c.o]
  ignore line: [/Applications/Xcode.app/Contents/Developer/Toolchains/XcodeDefault.xctoolchain/usr/bin/cc    -o CMakeFiles/cmTC_4d718.dir/CMakeCCompilerABI.c.o   -c /opt/local/share/cmake-3.11/Modules/CMakeCCompilerABI.c]
  ignore line: [Linking C executable cmTC_4d718]
  ignore line: [/opt/local/bin/cmake -E cmake_link_script CMakeFiles/cmTC_4d718.dir/link.txt --verbose=1]
  ignore line: [/Applications/Xcode.app/Contents/Developer/Toolchains/XcodeDefault.xctoolchain/usr/bin/cc   -Wl,-search_paths_first -Wl,-headerpad_max_install_names  -v -Wl,-v CMakeFiles/cmTC_4d718.dir/CMakeCCompilerABI.c.o  -o cmTC_4d718 ]
  ignore line: [Apple LLVM version 9.1.0 (clang-902.0.39.2)]
  ignore line: [Target: x86_64-apple-darwin17.7.0]
  ignore line: [Thread model: posix]
  ignore line: [InstalledDir: /Applications/Xcode.app/Contents/Developer/Toolchains/XcodeDefault.xctoolchain/usr/bin]
  link line: [ "/Applications/Xcode.app/Contents/Developer/Toolchains/XcodeDefault.xctoolchain/usr/bin/ld" -demangle -lto_library /Applications/Xcode.app/Contents/Developer/Toolchains/XcodeDefault.xctoolchain/usr/lib/libLTO.dylib -dynamic -arch x86_64 -macosx_version_min 10.13.0 -o cmTC_4d718 -search_paths_first -headerpad_max_install_names -v CMakeFiles/cmTC_4d718.dir/CMakeCCompilerABI.c.o -lSystem /Applications/Xcode.app/Contents/Developer/Toolchains/XcodeDefault.xctoolchain/usr/lib/clang/9.1.0/lib/darwin/libclang_rt.osx.a]
    arg [/Applications/Xcode.app/Contents/Developer/Toolchains/XcodeDefault.xctoolchain/usr/bin/ld] ==> ignore
    arg [-demangle] ==> ignore
    arg [-lto_library] ==> ignore, skip following value
    arg [/Applications/Xcode.app/Contents/Developer/Toolchains/XcodeDefault.xctoolchain/usr/lib/libLTO.dylib] ==> skip value of -lto_library
    arg [-dynamic] ==> ignore
    arg [-arch] ==> ignore
    arg [x86_64] ==> ignore
    arg [-macosx_version_min] ==> ignore
    arg [10.13.0] ==> ignore
    arg [-o] ==> ignore
    arg [cmTC_4d718] ==> ignore
    arg [-search_paths_first] ==> ignore
    arg [-headerpad_max_install_names] ==> ignore
    arg [-v] ==> ignore
    arg [CMakeFiles/cmTC_4d718.dir/CMakeCCompilerABI.c.o] ==> ignore
    arg [-lSystem] ==> lib [System]
    arg [/Applications/Xcode.app/Contents/Developer/Toolchains/XcodeDefault.xctoolchain/usr/lib/clang/9.1.0/lib/darwin/libclang_rt.osx.a] ==> lib [/Applications/Xcode.app/Contents/Developer/Toolchains/XcodeDefault.xctoolchain/usr/lib/clang/9.1.0/lib/darwin/libclang_rt.osx.a]
  Library search paths: [;/usr/lib;/usr/local/lib]
  Framework search paths: [;/Library/Frameworks/;/System/Library/Frameworks/]
  remove lib [System]
  remove lib [/Applications/Xcode.app/Contents/Developer/Toolchains/XcodeDefault.xctoolchain/usr/lib/clang/9.1.0/lib/darwin/libclang_rt.osx.a]
  collapse library dir [/usr/lib] ==> [/usr/lib]
  collapse library dir [/usr/local/lib] ==> [/usr/local/lib]
  collapse framework dir [/Library/Frameworks/] ==> [/Library/Frameworks]
  collapse framework dir [/System/Library/Frameworks/] ==> [/System/Library/Frameworks]
  implicit libs: []
  implicit dirs: [/usr/lib;/usr/local/lib]
  implicit fwks: [/Library/Frameworks;/System/Library/Frameworks]




Detecting C [-std=c11] compiler features compiled with the following output:
Change Dir: /Users/bob/Src/sepVector/src/CMakeFiles/CMakeTmp

Run Build Command:"/usr/bin/make" "cmTC_1af30/fast"
/Applications/Xcode.app/Contents/Developer/usr/bin/make -f CMakeFiles/cmTC_1af30.dir/build.make CMakeFiles/cmTC_1af30.dir/build
Building C object CMakeFiles/cmTC_1af30.dir/feature_tests.c.o
/Applications/Xcode.app/Contents/Developer/Toolchains/XcodeDefault.xctoolchain/usr/bin/cc   -std=c11 -o CMakeFiles/cmTC_1af30.dir/feature_tests.c.o   -c /Users/bob/Src/sepVector/src/CMakeFiles/feature_tests.c
Linking C executable cmTC_1af30
/opt/local/bin/cmake -E cmake_link_script CMakeFiles/cmTC_1af30.dir/link.txt --verbose=1
/Applications/Xcode.app/Contents/Developer/Toolchains/XcodeDefault.xctoolchain/usr/bin/cc   -Wl,-search_paths_first -Wl,-headerpad_max_install_names   CMakeFiles/cmTC_1af30.dir/feature_tests.c.o  -o cmTC_1af30 


    Feature record: C_FEATURE:1c_function_prototypes
    Feature record: C_FEATURE:1c_restrict
    Feature record: C_FEATURE:1c_static_assert
    Feature record: C_FEATURE:1c_variadic_macros


Detecting C [-std=c99] compiler features compiled with the following output:
Change Dir: /Users/bob/Src/sepVector/src/CMakeFiles/CMakeTmp

Run Build Command:"/usr/bin/make" "cmTC_9504e/fast"
/Applications/Xcode.app/Contents/Developer/usr/bin/make -f CMakeFiles/cmTC_9504e.dir/build.make CMakeFiles/cmTC_9504e.dir/build
Building C object CMakeFiles/cmTC_9504e.dir/feature_tests.c.o
/Applications/Xcode.app/Contents/Developer/Toolchains/XcodeDefault.xctoolchain/usr/bin/cc   -std=c99 -o CMakeFiles/cmTC_9504e.dir/feature_tests.c.o   -c /Users/bob/Src/sepVector/src/CMakeFiles/feature_tests.c
Linking C executable cmTC_9504e
/opt/local/bin/cmake -E cmake_link_script CMakeFiles/cmTC_9504e.dir/link.txt --verbose=1
/Applications/Xcode.app/Contents/Developer/Toolchains/XcodeDefault.xctoolchain/usr/bin/cc   -Wl,-search_paths_first -Wl,-headerpad_max_install_names   CMakeFiles/cmTC_9504e.dir/feature_tests.c.o  -o cmTC_9504e 


    Feature record: C_FEATURE:1c_function_prototypes
    Feature record: C_FEATURE:1c_restrict
    Feature record: C_FEATURE:0c_static_assert
    Feature record: C_FEATURE:1c_variadic_macros


Detecting C [-std=c90] compiler features compiled with the following output:
Change Dir: /Users/bob/Src/sepVector/src/CMakeFiles/CMakeTmp

Run Build Command:"/usr/bin/make" "cmTC_03e95/fast"
/Applications/Xcode.app/Contents/Developer/usr/bin/make -f CMakeFiles/cmTC_03e95.dir/build.make CMakeFiles/cmTC_03e95.dir/build
Building C object CMakeFiles/cmTC_03e95.dir/feature_tests.c.o
/Applications/Xcode.app/Contents/Developer/Toolchains/XcodeDefault.xctoolchain/usr/bin/cc   -std=c90 -o CMakeFiles/cmTC_03e95.dir/feature_tests.c.o   -c /Users/bob/Src/sepVector/src/CMakeFiles/feature_tests.c
Linking C executable cmTC_03e95
/opt/local/bin/cmake -E cmake_link_script CMakeFiles/cmTC_03e95.dir/link.txt --verbose=1
/Applications/Xcode.app/Contents/Developer/Toolchains/XcodeDefault.xctoolchain/usr/bin/cc   -Wl,-search_paths_first -Wl,-headerpad_max_install_names   CMakeFiles/cmTC_03e95.dir/feature_tests.c.o  -o cmTC_03e95 


    Feature record: C_FEATURE:1c_function_prototypes
    Feature record: C_FEATURE:0c_restrict
    Feature record: C_FEATURE:0c_static_assert
    Feature record: C_FEATURE:0c_variadic_macros
Determining if the CXX compiler works passed with the following output:
Change Dir: /Users/bob/Src/sepVector/src/CMakeFiles/CMakeTmp

Run Build Command:"/usr/bin/make" "cmTC_18057/fast"
/Applications/Xcode.app/Contents/Developer/usr/bin/make -f CMakeFiles/cmTC_18057.dir/build.make CMakeFiles/cmTC_18057.dir/build
Building CXX object CMakeFiles/cmTC_18057.dir/testCXXCompiler.cxx.o
/opt/local/bin/g++-mp-7    -O3    -o CMakeFiles/cmTC_18057.dir/testCXXCompiler.cxx.o -c /Users/bob/Src/sepVector/src/CMakeFiles/CMakeTmp/testCXXCompiler.cxx
Linking CXX executable cmTC_18057
/opt/local/bin/cmake -E cmake_link_script CMakeFiles/cmTC_18057.dir/link.txt --verbose=1
/opt/local/bin/g++-mp-7  -O3  -Wl,-search_paths_first -Wl,-headerpad_max_install_names   CMakeFiles/cmTC_18057.dir/testCXXCompiler.cxx.o  -o cmTC_18057 


Detecting CXX compiler ABI info compiled with the following output:
Change Dir: /Users/bob/Src/sepVector/src/CMakeFiles/CMakeTmp

Run Build Command:"/usr/bin/make" "cmTC_45948/fast"
/Applications/Xcode.app/Contents/Developer/usr/bin/make -f CMakeFiles/cmTC_45948.dir/build.make CMakeFiles/cmTC_45948.dir/build
Building CXX object CMakeFiles/cmTC_45948.dir/CMakeCXXCompilerABI.cpp.o
/opt/local/bin/g++-mp-7    -O3    -o CMakeFiles/cmTC_45948.dir/CMakeCXXCompilerABI.cpp.o -c /opt/local/share/cmake-3.11/Modules/CMakeCXXCompilerABI.cpp
Linking CXX executable cmTC_45948
/opt/local/bin/cmake -E cmake_link_script CMakeFiles/cmTC_45948.dir/link.txt --verbose=1
/opt/local/bin/g++-mp-7  -O3  -Wl,-search_paths_first -Wl,-headerpad_max_install_names  -v -Wl,-v CMakeFiles/cmTC_45948.dir/CMakeCXXCompilerABI.cpp.o  -o cmTC_45948 
Using built-in specs.
COLLECT_GCC=/opt/local/bin/g++-mp-7
COLLECT_LTO_WRAPPER=/opt/local/libexec/gcc/x86_64-apple-darwin17/7.3.0/lto-wrapper
Target: x86_64-apple-darwin17
Configured with: /opt/local/var/macports/build/_opt_local_var_macports_sources_rsync.macports.org_macports_release_tarballs_ports_lang_gcc7/gcc7/work/gcc-7.3.0/configure --prefix=/opt/local --build=x86_64-apple-darwin17 --enable-languages=c,c++,objc,obj-c++,lto,fortran --libdir=/opt/local/lib/gcc7 --includedir=/opt/local/include/gcc7 --infodir=/opt/local/share/info --mandir=/opt/local/share/man --datarootdir=/opt/local/share/gcc-7 --with-local-prefix=/opt/local --with-system-zlib --disable-nls --program-suffix=-mp-7 --with-gxx-include-dir=/opt/local/include/gcc7/c++/ --with-gmp=/opt/local --with-mpfr=/opt/local --with-mpc=/opt/local --with-isl=/opt/local --enable-stage1-checking --disable-multilib --enable-lto --enable-libstdcxx-time --with-build-config=bootstrap-debug --with-as=/opt/local/bin/as --with-ld=/opt/local/bin/ld --with-ar=/opt/local/bin/ar --with-bugurl=https://trac.macports.org/newticket --disable-tls --with-pkgversion='MacPorts gcc7 7.3.0_1'
Thread model: posix
gcc version 7.3.0 (MacPorts gcc7 7.3.0_1) 
COMPILER_PATH=/opt/local/libexec/gcc/x86_64-apple-darwin17/7.3.0/:/opt/local/libexec/gcc/x86_64-apple-darwin17/7.3.0/:/opt/local/libexec/gcc/x86_64-apple-darwin17/:/opt/local/lib/gcc7/gcc/x86_64-apple-darwin17/7.3.0/:/opt/local/lib/gcc7/gcc/x86_64-apple-darwin17/
LIBRARY_PATH=/opt/local/lib/gcc7/gcc/x86_64-apple-darwin17/7.3.0/:/opt/local/lib/gcc7/gcc/x86_64-apple-darwin17/7.3.0/../../../
COLLECT_GCC_OPTIONS='-O3' '-v' '-o' 'cmTC_45948' '-mmacosx-version-min=10.13.7' '-asm_macosx_version_min=10.13' '-shared-libgcc' '-mtune=core2'
 /opt/local/libexec/gcc/x86_64-apple-darwin17/7.3.0/collect2 -dynamic -arch x86_64 -macosx_version_min 10.13.7 -weak_reference_mismatches non-weak -o cmTC_45948 -L/opt/local/lib/gcc7/gcc/x86_64-apple-darwin17/7.3.0 -L/opt/local/lib/gcc7/gcc/x86_64-apple-darwin17/7.3.0/../../.. -search_paths_first -headerpad_max_install_names -v CMakeFiles/cmTC_45948.dir/CMakeCXXCompilerABI.cpp.o -lstdc++ -no_compact_unwind -lSystem -lgcc_ext.10.5 -lgcc -lSystem -v
collect2 version 7.3.0
/opt/local/bin/ld -dynamic -arch x86_64 -macosx_version_min 10.13.7 -weak_reference_mismatches non-weak -o cmTC_45948 -L/opt/local/lib/gcc7/gcc/x86_64-apple-darwin17/7.3.0 -L/opt/local/lib/gcc7/gcc/x86_64-apple-darwin17/7.3.0/../../.. -search_paths_first -headerpad_max_install_names -v CMakeFiles/cmTC_45948.dir/CMakeCXXCompilerABI.cpp.o -lstdc++ -no_compact_unwind -lSystem -lgcc_ext.10.5 -lgcc -lSystem -v
@(#)PROGRAM:ld  PROJECT:ld64-351.8
configured to support archs: armv6 armv7 armv7s arm64 i386 x86_64 x86_64h armv6m armv7k armv7m armv7em (tvOS)
@(#)PROGRAM:ld  PROJECT:ld64-351.8
configured to support archs: armv6 armv7 armv7s arm64 i386 x86_64 x86_64h armv6m armv7k armv7m armv7em (tvOS)
Library search paths:
	/opt/local/lib/gcc7/gcc/x86_64-apple-darwin17/7.3.0
	/opt/local/lib/gcc7
	/usr/lib
	/usr/local/lib
Framework search paths:
	/Library/Frameworks/
	/System/Library/Frameworks/
 /opt/local/bin/nm -n CMakeFiles/cmTC_45948.dir/CMakeCXXCompilerABI.cpp.o


Parsed CXX implicit link information from above output:
  link line regex: [^( *|.*[/\])(ld|CMAKE_LINK_STARTFILE-NOTFOUND|([^/\]+-)?ld|collect2)[^/\]*( |$)]
  ignore line: [Change Dir: /Users/bob/Src/sepVector/src/CMakeFiles/CMakeTmp]
  ignore line: []
  ignore line: [Run Build Command:"/usr/bin/make" "cmTC_45948/fast"]
  ignore line: [/Applications/Xcode.app/Contents/Developer/usr/bin/make -f CMakeFiles/cmTC_45948.dir/build.make CMakeFiles/cmTC_45948.dir/build]
  ignore line: [Building CXX object CMakeFiles/cmTC_45948.dir/CMakeCXXCompilerABI.cpp.o]
  ignore line: [/opt/local/bin/g++-mp-7    -O3    -o CMakeFiles/cmTC_45948.dir/CMakeCXXCompilerABI.cpp.o -c /opt/local/share/cmake-3.11/Modules/CMakeCXXCompilerABI.cpp]
  ignore line: [Linking CXX executable cmTC_45948]
  ignore line: [/opt/local/bin/cmake -E cmake_link_script CMakeFiles/cmTC_45948.dir/link.txt --verbose=1]
  ignore line: [/opt/local/bin/g++-mp-7  -O3  -Wl,-search_paths_first -Wl,-headerpad_max_install_names  -v -Wl,-v CMakeFiles/cmTC_45948.dir/CMakeCXXCompilerABI.cpp.o  -o cmTC_45948 ]
  ignore line: [Using built-in specs.]
  ignore line: [COLLECT_GCC=/opt/local/bin/g++-mp-7]
  ignore line: [COLLECT_LTO_WRAPPER=/opt/local/libexec/gcc/x86_64-apple-darwin17/7.3.0/lto-wrapper]
  ignore line: [Target: x86_64-apple-darwin17]
  ignore line: [Configured with: /opt/local/var/macports/build/_opt_local_var_macports_sources_rsync.macports.org_macports_release_tarballs_ports_lang_gcc7/gcc7/work/gcc-7.3.0/configure --prefix=/opt/local --build=x86_64-apple-darwin17 --enable-languages=c,c++,objc,obj-c++,lto,fortran --libdir=/opt/local/lib/gcc7 --includedir=/opt/local/include/gcc7 --infodir=/opt/local/share/info --mandir=/opt/local/share/man --datarootdir=/opt/local/share/gcc-7 --with-local-prefix=/opt/local --with-system-zlib --disable-nls --program-suffix=-mp-7 --with-gxx-include-dir=/opt/local/include/gcc7/c++/ --with-gmp=/opt/local --with-mpfr=/opt/local --with-mpc=/opt/local --with-isl=/opt/local --enable-stage1-checking --disable-multilib --enable-lto --enable-libstdcxx-time --with-build-config=bootstrap-debug --with-as=/opt/local/bin/as --with-ld=/opt/local/bin/ld --with-ar=/opt/local/bin/ar --with-bugurl=https://trac.macports.org/newticket --disable-tls --with-pkgversion='MacPorts gcc7 7.3.0_1']
  ignore line: [Thread model: posix]
  ignore line: [gcc version 7.3.0 (MacPorts gcc7 7.3.0_1) ]
  ignore line: [COMPILER_PATH=/opt/local/libexec/gcc/x86_64-apple-darwin17/7.3.0/:/opt/local/libexec/gcc/x86_64-apple-darwin17/7.3.0/:/opt/local/libexec/gcc/x86_64-apple-darwin17/:/opt/local/lib/gcc7/gcc/x86_64-apple-darwin17/7.3.0/:/opt/local/lib/gcc7/gcc/x86_64-apple-darwin17/]
  ignore line: [LIBRARY_PATH=/opt/local/lib/gcc7/gcc/x86_64-apple-darwin17/7.3.0/:/opt/local/lib/gcc7/gcc/x86_64-apple-darwin17/7.3.0/../../../]
  ignore line: [COLLECT_GCC_OPTIONS='-O3' '-v' '-o' 'cmTC_45948' '-mmacosx-version-min=10.13.7' '-asm_macosx_version_min=10.13' '-shared-libgcc' '-mtune=core2']
  link line: [ /opt/local/libexec/gcc/x86_64-apple-darwin17/7.3.0/collect2 -dynamic -arch x86_64 -macosx_version_min 10.13.7 -weak_reference_mismatches non-weak -o cmTC_45948 -L/opt/local/lib/gcc7/gcc/x86_64-apple-darwin17/7.3.0 -L/opt/local/lib/gcc7/gcc/x86_64-apple-darwin17/7.3.0/../../.. -search_paths_first -headerpad_max_install_names -v CMakeFiles/cmTC_45948.dir/CMakeCXXCompilerABI.cpp.o -lstdc++ -no_compact_unwind -lSystem -lgcc_ext.10.5 -lgcc -lSystem -v]
    arg [/opt/local/libexec/gcc/x86_64-apple-darwin17/7.3.0/collect2] ==> ignore
    arg [-dynamic] ==> ignore
    arg [-arch] ==> ignore
    arg [x86_64] ==> ignore
    arg [-macosx_version_min] ==> ignore
    arg [10.13.7] ==> ignore
    arg [-weak_reference_mismatches] ==> ignore
    arg [non-weak] ==> ignore
    arg [-o] ==> ignore
    arg [cmTC_45948] ==> ignore
    arg [-L/opt/local/lib/gcc7/gcc/x86_64-apple-darwin17/7.3.0] ==> dir [/opt/local/lib/gcc7/gcc/x86_64-apple-darwin17/7.3.0]
    arg [-L/opt/local/lib/gcc7/gcc/x86_64-apple-darwin17/7.3.0/../../..] ==> dir [/opt/local/lib/gcc7/gcc/x86_64-apple-darwin17/7.3.0/../../..]
    arg [-search_paths_first] ==> ignore
    arg [-headerpad_max_install_names] ==> ignore
    arg [-v] ==> ignore
    arg [CMakeFiles/cmTC_45948.dir/CMakeCXXCompilerABI.cpp.o] ==> ignore
    arg [-lstdc++] ==> lib [stdc++]
    arg [-no_compact_unwind] ==> ignore
    arg [-lSystem] ==> lib [System]
    arg [-lgcc_ext.10.5] ==> lib [gcc_ext.10.5]
    arg [-lgcc] ==> lib [gcc]
    arg [-lSystem] ==> lib [System]
    arg [-v] ==> ignore
  Library search paths: [;/opt/local/lib/gcc7/gcc/x86_64-apple-darwin17/7.3.0;/opt/local/lib/gcc7;/usr/lib;/usr/local/lib]
  Framework search paths: [;/Library/Frameworks/;/System/Library/Frameworks/]
  remove lib [System]
  remove lib [System]
  collapse library dir [/opt/local/lib/gcc7/gcc/x86_64-apple-darwin17/7.3.0] ==> [/opt/local/lib/gcc7/gcc/x86_64-apple-darwin17/7.3.0]
  collapse library dir [/opt/local/lib/gcc7/gcc/x86_64-apple-darwin17/7.3.0/../../..] ==> [/opt/local/lib/gcc7]
  collapse library dir [/opt/local/lib/gcc7/gcc/x86_64-apple-darwin17/7.3.0] ==> [/opt/local/lib/gcc7/gcc/x86_64-apple-darwin17/7.3.0]
  collapse library dir [/opt/local/lib/gcc7] ==> [/opt/local/lib/gcc7]
  collapse library dir [/usr/lib] ==> [/usr/lib]
  collapse library dir [/usr/local/lib] ==> [/usr/local/lib]
  collapse framework dir [/Library/Frameworks/] ==> [/Library/Frameworks]
  collapse framework dir [/System/Library/Frameworks/] ==> [/System/Library/Frameworks]
  implicit libs: [stdc++;gcc_ext.10.5;gcc]
  implicit dirs: [/opt/local/lib/gcc7/gcc/x86_64-apple-darwin17/7.3.0;/opt/local/lib/gcc7;/usr/lib;/usr/local/lib]
  implicit fwks: [/Library/Frameworks;/System/Library/Frameworks]




Detecting CXX [-std=c++1z] compiler features compiled with the following output:
Change Dir: /Users/bob/Src/sepVector/src/CMakeFiles/CMakeTmp

Run Build Command:"/usr/bin/make" "cmTC_075c2/fast"
/Applications/Xcode.app/Contents/Developer/usr/bin/make -f CMakeFiles/cmTC_075c2.dir/build.make CMakeFiles/cmTC_075c2.dir/build
Building CXX object CMakeFiles/cmTC_075c2.dir/feature_tests.cxx.o
/opt/local/bin/g++-mp-7    -O3    -std=c++1z -o CMakeFiles/cmTC_075c2.dir/feature_tests.cxx.o -c /Users/bob/Src/sepVector/src/CMakeFiles/feature_tests.cxx
Linking CXX executable cmTC_075c2
/opt/local/bin/cmake -E cmake_link_script CMakeFiles/cmTC_075c2.dir/link.txt --verbose=1
/opt/local/bin/g++-mp-7  -O3  -Wl,-search_paths_first -Wl,-headerpad_max_install_names   CMakeFiles/cmTC_075c2.dir/feature_tests.cxx.o  -o cmTC_075c2 


    Feature record: CXX_FEATURE:1cxx_aggregate_default_initializers
    Feature record: CXX_FEATURE:1cxx_alias_templates
    Feature record: CXX_FEATURE:1cxx_alignas
    Feature record: CXX_FEATURE:1cxx_alignof
    Feature record: CXX_FEATURE:1cxx_attributes
    Feature record: CXX_FEATURE:1cxx_attribute_deprecated
    Feature record: CXX_FEATURE:1cxx_auto_type
    Feature record: CXX_FEATURE:1cxx_binary_literals
    Feature record: CXX_FEATURE:1cxx_constexpr
    Feature record: CXX_FEATURE:1cxx_contextual_conversions
    Feature record: CXX_FEATURE:1cxx_decltype
    Feature record: CXX_FEATURE:1cxx_decltype_auto
    Feature record: CXX_FEATURE:1cxx_decltype_incomplete_return_types
    Feature record: CXX_FEATURE:1cxx_default_function_template_args
    Feature record: CXX_FEATURE:1cxx_defaulted_functions
    Feature record: CXX_FEATURE:1cxx_defaulted_move_initializers
    Feature record: CXX_FEATURE:1cxx_delegating_constructors
    Feature record: CXX_FEATURE:1cxx_deleted_functions
    Feature record: CXX_FEATURE:1cxx_digit_separators
    Feature record: CXX_FEATURE:1cxx_enum_forward_declarations
    Feature record: CXX_FEATURE:1cxx_explicit_conversions
    Feature record: CXX_FEATURE:1cxx_extended_friend_declarations
    Feature record: CXX_FEATURE:1cxx_extern_templates
    Feature record: CXX_FEATURE:1cxx_final
    Feature record: CXX_FEATURE:1cxx_func_identifier
    Feature record: CXX_FEATURE:1cxx_generalized_initializers
    Feature record: CXX_FEATURE:1cxx_generic_lambdas
    Feature record: CXX_FEATURE:1cxx_inheriting_constructors
    Feature record: CXX_FEATURE:1cxx_inline_namespaces
    Feature record: CXX_FEATURE:1cxx_lambdas
    Feature record: CXX_FEATURE:1cxx_lambda_init_captures
    Feature record: CXX_FEATURE:1cxx_local_type_template_args
    Feature record: CXX_FEATURE:1cxx_long_long_type
    Feature record: CXX_FEATURE:1cxx_noexcept
    Feature record: CXX_FEATURE:1cxx_nonstatic_member_init
    Feature record: CXX_FEATURE:1cxx_nullptr
    Feature record: CXX_FEATURE:1cxx_override
    Feature record: CXX_FEATURE:1cxx_range_for
    Feature record: CXX_FEATURE:1cxx_raw_string_literals
    Feature record: CXX_FEATURE:1cxx_reference_qualified_functions
    Feature record: CXX_FEATURE:1cxx_relaxed_constexpr
    Feature record: CXX_FEATURE:1cxx_return_type_deduction
    Feature record: CXX_FEATURE:1cxx_right_angle_brackets
    Feature record: CXX_FEATURE:1cxx_rvalue_references
    Feature record: CXX_FEATURE:1cxx_sizeof_member
    Feature record: CXX_FEATURE:1cxx_static_assert
    Feature record: CXX_FEATURE:1cxx_strong_enums
    Feature record: CXX_FEATURE:1cxx_template_template_parameters
    Feature record: CXX_FEATURE:1cxx_thread_local
    Feature record: CXX_FEATURE:1cxx_trailing_return_types
    Feature record: CXX_FEATURE:1cxx_unicode_literals
    Feature record: CXX_FEATURE:1cxx_uniform_initialization
    Feature record: CXX_FEATURE:1cxx_unrestricted_unions
    Feature record: CXX_FEATURE:1cxx_user_literals
    Feature record: CXX_FEATURE:1cxx_variable_templates
    Feature record: CXX_FEATURE:1cxx_variadic_macros
    Feature record: CXX_FEATURE:1cxx_variadic_templates


Detecting CXX [-std=c++14] compiler features compiled with the following output:
Change Dir: /Users/bob/Src/sepVector/src/CMakeFiles/CMakeTmp

Run Build Command:"/usr/bin/make" "cmTC_266e3/fast"
/Applications/Xcode.app/Contents/Developer/usr/bin/make -f CMakeFiles/cmTC_266e3.dir/build.make CMakeFiles/cmTC_266e3.dir/build
Building CXX object CMakeFiles/cmTC_266e3.dir/feature_tests.cxx.o
/opt/local/bin/g++-mp-7    -O3    -std=c++14 -o CMakeFiles/cmTC_266e3.dir/feature_tests.cxx.o -c /Users/bob/Src/sepVector/src/CMakeFiles/feature_tests.cxx
Linking CXX executable cmTC_266e3
/opt/local/bin/cmake -E cmake_link_script CMakeFiles/cmTC_266e3.dir/link.txt --verbose=1
/opt/local/bin/g++-mp-7  -O3  -Wl,-search_paths_first -Wl,-headerpad_max_install_names   CMakeFiles/cmTC_266e3.dir/feature_tests.cxx.o  -o cmTC_266e3 


    Feature record: CXX_FEATURE:1cxx_aggregate_default_initializers
    Feature record: CXX_FEATURE:1cxx_alias_templates
    Feature record: CXX_FEATURE:1cxx_alignas
    Feature record: CXX_FEATURE:1cxx_alignof
    Feature record: CXX_FEATURE:1cxx_attributes
    Feature record: CXX_FEATURE:1cxx_attribute_deprecated
    Feature record: CXX_FEATURE:1cxx_auto_type
    Feature record: CXX_FEATURE:1cxx_binary_literals
    Feature record: CXX_FEATURE:1cxx_constexpr
    Feature record: CXX_FEATURE:1cxx_contextual_conversions
    Feature record: CXX_FEATURE:1cxx_decltype
    Feature record: CXX_FEATURE:1cxx_decltype_auto
    Feature record: CXX_FEATURE:1cxx_decltype_incomplete_return_types
    Feature record: CXX_FEATURE:1cxx_default_function_template_args
    Feature record: CXX_FEATURE:1cxx_defaulted_functions
    Feature record: CXX_FEATURE:1cxx_defaulted_move_initializers
    Feature record: CXX_FEATURE:1cxx_delegating_constructors
    Feature record: CXX_FEATURE:1cxx_deleted_functions
    Feature record: CXX_FEATURE:1cxx_digit_separators
    Feature record: CXX_FEATURE:1cxx_enum_forward_declarations
    Feature record: CXX_FEATURE:1cxx_explicit_conversions
    Feature record: CXX_FEATURE:1cxx_extended_friend_declarations
    Feature record: CXX_FEATURE:1cxx_extern_templates
    Feature record: CXX_FEATURE:1cxx_final
    Feature record: CXX_FEATURE:1cxx_func_identifier
    Feature record: CXX_FEATURE:1cxx_generalized_initializers
    Feature record: CXX_FEATURE:1cxx_generic_lambdas
    Feature record: CXX_FEATURE:1cxx_inheriting_constructors
    Feature record: CXX_FEATURE:1cxx_inline_namespaces
    Feature record: CXX_FEATURE:1cxx_lambdas
    Feature record: CXX_FEATURE:1cxx_lambda_init_captures
    Feature record: CXX_FEATURE:1cxx_local_type_template_args
    Feature record: CXX_FEATURE:1cxx_long_long_type
    Feature record: CXX_FEATURE:1cxx_noexcept
    Feature record: CXX_FEATURE:1cxx_nonstatic_member_init
    Feature record: CXX_FEATURE:1cxx_nullptr
    Feature record: CXX_FEATURE:1cxx_override
    Feature record: CXX_FEATURE:1cxx_range_for
    Feature record: CXX_FEATURE:1cxx_raw_string_literals
    Feature record: CXX_FEATURE:1cxx_reference_qualified_functions
    Feature record: CXX_FEATURE:1cxx_relaxed_constexpr
    Feature record: CXX_FEATURE:1cxx_return_type_deduction
    Feature record: CXX_FEATURE:1cxx_right_angle_brackets
    Feature record: CXX_FEATURE:1cxx_rvalue_references
    Feature record: CXX_FEATURE:1cxx_sizeof_member
    Feature record: CXX_FEATURE:1cxx_static_assert
    Feature record: CXX_FEATURE:1cxx_strong_enums
    Feature record: CXX_FEATURE:1cxx_template_template_parameters
    Feature record: CXX_FEATURE:1cxx_thread_local
    Feature record: CXX_FEATURE:1cxx_trailing_return_types
    Feature record: CXX_FEATURE:1cxx_unicode_literals
    Feature record: CXX_FEATURE:1cxx_uniform_initialization
    Feature record: CXX_FEATURE:1cxx_unrestricted_unions
    Feature record: CXX_FEATURE:1cxx_user_literals
    Feature record: CXX_FEATURE:1cxx_variable_templates
    Feature record: CXX_FEATURE:1cxx_variadic_macros
    Feature record: CXX_FEATURE:1cxx_variadic_templates


Detecting CXX [-std=c++11] compiler features compiled with the following output:
Change Dir: /Users/bob/Src/sepVector/src/CMakeFiles/CMakeTmp

Run Build Command:"/usr/bin/make" "cmTC_500b9/fast"
/Applications/Xcode.app/Contents/Developer/usr/bin/make -f CMakeFiles/cmTC_500b9.dir/build.make CMakeFiles/cmTC_500b9.dir/build
Building CXX object CMakeFiles/cmTC_500b9.dir/feature_tests.cxx.o
/opt/local/bin/g++-mp-7    -O3    -std=c++11 -o CMakeFiles/cmTC_500b9.dir/feature_tests.cxx.o -c /Users/bob/Src/sepVector/src/CMakeFiles/feature_tests.cxx
Linking CXX executable cmTC_500b9
/opt/local/bin/cmake -E cmake_link_script CMakeFiles/cmTC_500b9.dir/link.txt --verbose=1
/opt/local/bin/g++-mp-7  -O3  -Wl,-search_paths_first -Wl,-headerpad_max_install_names   CMakeFiles/cmTC_500b9.dir/feature_tests.cxx.o  -o cmTC_500b9 


    Feature record: CXX_FEATURE:0cxx_aggregate_default_initializers
    Feature record: CXX_FEATURE:1cxx_alias_templates
    Feature record: CXX_FEATURE:1cxx_alignas
    Feature record: CXX_FEATURE:1cxx_alignof
    Feature record: CXX_FEATURE:1cxx_attributes
    Feature record: CXX_FEATURE:0cxx_attribute_deprecated
    Feature record: CXX_FEATURE:1cxx_auto_type
    Feature record: CXX_FEATURE:0cxx_binary_literals
    Feature record: CXX_FEATURE:1cxx_constexpr
    Feature record: CXX_FEATURE:0cxx_contextual_conversions
    Feature record: CXX_FEATURE:1cxx_decltype
    Feature record: CXX_FEATURE:0cxx_decltype_auto
    Feature record: CXX_FEATURE:1cxx_decltype_incomplete_return_types
    Feature record: CXX_FEATURE:1cxx_default_function_template_args
    Feature record: CXX_FEATURE:1cxx_defaulted_functions
    Feature record: CXX_FEATURE:1cxx_defaulted_move_initializers
    Feature record: CXX_FEATURE:1cxx_delegating_constructors
    Feature record: CXX_FEATURE:1cxx_deleted_functions
    Feature record: CXX_FEATURE:0cxx_digit_separators
    Feature record: CXX_FEATURE:1cxx_enum_forward_declarations
    Feature record: CXX_FEATURE:1cxx_explicit_conversions
    Feature record: CXX_FEATURE:1cxx_extended_friend_declarations
    Feature record: CXX_FEATURE:1cxx_extern_templates
    Feature record: CXX_FEATURE:1cxx_final
    Feature record: CXX_FEATURE:1cxx_func_identifier
    Feature record: CXX_FEATURE:1cxx_generalized_initializers
    Feature record: CXX_FEATURE:0cxx_generic_lambdas
    Feature record: CXX_FEATURE:1cxx_inheriting_constructors
    Feature record: CXX_FEATURE:1cxx_inline_namespaces
    Feature record: CXX_FEATURE:1cxx_lambdas
    Feature record: CXX_FEATURE:0cxx_lambda_init_captures
    Feature record: CXX_FEATURE:1cxx_local_type_template_args
    Feature record: CXX_FEATURE:1cxx_long_long_type
    Feature record: CXX_FEATURE:1cxx_noexcept
    Feature record: CXX_FEATURE:1cxx_nonstatic_member_init
    Feature record: CXX_FEATURE:1cxx_nullptr
    Feature record: CXX_FEATURE:1cxx_override
    Feature record: CXX_FEATURE:1cxx_range_for
    Feature record: CXX_FEATURE:1cxx_raw_string_literals
    Feature record: CXX_FEATURE:1cxx_reference_qualified_functions
    Feature record: CXX_FEATURE:0cxx_relaxed_constexpr
    Feature record: CXX_FEATURE:0cxx_return_type_deduction
    Feature record: CXX_FEATURE:1cxx_right_angle_brackets
    Feature record: CXX_FEATURE:1cxx_rvalue_references
    Feature record: CXX_FEATURE:1cxx_sizeof_member
    Feature record: CXX_FEATURE:1cxx_static_assert
    Feature record: CXX_FEATURE:1cxx_strong_enums
    Feature record: CXX_FEATURE:1cxx_template_template_parameters
    Feature record: CXX_FEATURE:1cxx_thread_local
    Feature record: CXX_FEATURE:1cxx_trailing_return_types
    Feature record: CXX_FEATURE:1cxx_unicode_literals
    Feature record: CXX_FEATURE:1cxx_uniform_initialization
    Feature record: CXX_FEATURE:1cxx_unrestricted_unions
    Feature record: CXX_FEATURE:1cxx_user_literals
    Feature record: CXX_FEATURE:0cxx_variable_templates
    Feature record: CXX_FEATURE:1cxx_variadic_macros
    Feature record: CXX_FEATURE:1cxx_variadic_templates


Detecting CXX [-std=c++98] compiler features compiled with the following output:
Change Dir: /Users/bob/Src/sepVector/src/CMakeFiles/CMakeTmp

Run Build Command:"/usr/bin/make" "cmTC_0bb32/fast"
/Applications/Xcode.app/Contents/Developer/usr/bin/make -f CMakeFiles/cmTC_0bb32.dir/build.make CMakeFiles/cmTC_0bb32.dir/build
Building CXX object CMakeFiles/cmTC_0bb32.dir/feature_tests.cxx.o
/opt/local/bin/g++-mp-7    -O3    -std=c++98 -o CMakeFiles/cmTC_0bb32.dir/feature_tests.cxx.o -c /Users/bob/Src/sepVector/src/CMakeFiles/feature_tests.cxx
Linking CXX executable cmTC_0bb32
/opt/local/bin/cmake -E cmake_link_script CMakeFiles/cmTC_0bb32.dir/link.txt --verbose=1
/opt/local/bin/g++-mp-7  -O3  -Wl,-search_paths_first -Wl,-headerpad_max_install_names   CMakeFiles/cmTC_0bb32.dir/feature_tests.cxx.o  -o cmTC_0bb32 


    Feature record: CXX_FEATURE:0cxx_aggregate_default_initializers
    Feature record: CXX_FEATURE:0cxx_alias_templates
    Feature record: CXX_FEATURE:0cxx_alignas
    Feature record: CXX_FEATURE:0cxx_alignof
    Feature record: CXX_FEATURE:0cxx_attributes
    Feature record: CXX_FEATURE:0cxx_attribute_deprecated
    Feature record: CXX_FEATURE:0cxx_auto_type
    Feature record: CXX_FEATURE:0cxx_binary_literals
    Feature record: CXX_FEATURE:0cxx_constexpr
    Feature record: CXX_FEATURE:0cxx_contextual_conversions
    Feature record: CXX_FEATURE:0cxx_decltype
    Feature record: CXX_FEATURE:0cxx_decltype_auto
    Feature record: CXX_FEATURE:0cxx_decltype_incomplete_return_types
    Feature record: CXX_FEATURE:0cxx_default_function_template_args
    Feature record: CXX_FEATURE:0cxx_defaulted_functions
    Feature record: CXX_FEATURE:0cxx_defaulted_move_initializers
    Feature record: CXX_FEATURE:0cxx_delegating_constructors
    Feature record: CXX_FEATURE:0cxx_deleted_functions
    Feature record: CXX_FEATURE:0cxx_digit_separators
    Feature record: CXX_FEATURE:0cxx_enum_forward_declarations
    Feature record: CXX_FEATURE:0cxx_explicit_conversions
    Feature record: CXX_FEATURE:0cxx_extended_friend_declarations
    Feature record: CXX_FEATURE:0cxx_extern_templates
    Feature record: CXX_FEATURE:0cxx_final
    Feature record: CXX_FEATURE:0cxx_func_identifier
    Feature record: CXX_FEATURE:0cxx_generalized_initializers
    Feature record: CXX_FEATURE:0cxx_generic_lambdas
    Feature record: CXX_FEATURE:0cxx_inheriting_constructors
    Feature record: CXX_FEATURE:0cxx_inline_namespaces
    Feature record: CXX_FEATURE:0cxx_lambdas
    Feature record: CXX_FEATURE:0cxx_lambda_init_captures
    Feature record: CXX_FEATURE:0cxx_local_type_template_args
    Feature record: CXX_FEATURE:0cxx_long_long_type
    Feature record: CXX_FEATURE:0cxx_noexcept
    Feature record: CXX_FEATURE:0cxx_nonstatic_member_init
    Feature record: CXX_FEATURE:0cxx_nullptr
    Feature record: CXX_FEATURE:0cxx_override
    Feature record: CXX_FEATURE:0cxx_range_for
    Feature record: CXX_FEATURE:0cxx_raw_string_literals
    Feature record: CXX_FEATURE:0cxx_reference_qualified_functions
    Feature record: CXX_FEATURE:0cxx_relaxed_constexpr
    Feature record: CXX_FEATURE:0cxx_return_type_deduction
    Feature record: CXX_FEATURE:0cxx_right_angle_brackets
    Feature record: CXX_FEATURE:0cxx_rvalue_references
    Feature record: CXX_FEATURE:0cxx_sizeof_member
    Feature record: CXX_FEATURE:0cxx_static_assert
    Feature record: CXX_FEATURE:0cxx_strong_enums
    Feature record: CXX_FEATURE:1cxx_template_template_parameters
    Feature record: CXX_FEATURE:0cxx_thread_local
    Feature record: CXX_FEATURE:0cxx_trailing_return_types
    Feature record: CXX_FEATURE:0cxx_unicode_literals
    Feature record: CXX_FEATURE:0cxx_uniform_initialization
    Feature record: CXX_FEATURE:0cxx_unrestricted_unions
    Feature record: CXX_FEATURE:0cxx_user_literals
    Feature record: CXX_FEATURE:0cxx_variable_templates
    Feature record: CXX_FEATURE:0cxx_variadic_macros
    Feature record: CXX_FEATURE:0cxx_variadic_templates
Performing C++ SOURCE FILE Test COMPILER_SUPPORTS_CXX11 succeeded with the following output:
Change Dir: /Users/bob/Src/sepVector/src/CMakeFiles/CMakeTmp

Run Build Command:"/usr/bin/make" "cmTC_167f2/fast"
/Applications/Xcode.app/Contents/Developer/usr/bin/make -f CMakeFiles/cmTC_167f2.dir/build.make CMakeFiles/cmTC_167f2.dir/build
Building CXX object CMakeFiles/cmTC_167f2.dir/src.cxx.o
/opt/local/bin/g++-mp-7    -O3 -DCOMPILER_SUPPORTS_CXX11 -fPIE   -std=c++11 -o CMakeFiles/cmTC_167f2.dir/src.cxx.o -c /Users/bob/Src/sepVector/src/CMakeFiles/CMakeTmp/src.cxx
Linking CXX executable cmTC_167f2
/opt/local/bin/cmake -E cmake_link_script CMakeFiles/cmTC_167f2.dir/link.txt --verbose=1
/opt/local/bin/g++-mp-7  -O3 -DCOMPILER_SUPPORTS_CXX11 -Wl,-search_paths_first -Wl,-headerpad_max_install_names   CMakeFiles/cmTC_167f2.dir/src.cxx.o  -o cmTC_167f2 

Source file was:
int main() { return 0; }
Performing C++ SOURCE FILE Test COMPILER_SUPPORTS_CXX0X succeeded with the following output:
Change Dir: /Users/bob/Src/sepVector/src/CMakeFiles/CMakeTmp

Run Build Command:"/usr/bin/make" "cmTC_99e3b/fast"
/Applications/Xcode.app/Contents/Developer/usr/bin/make -f CMakeFiles/cmTC_99e3b.dir/build.make CMakeFiles/cmTC_99e3b.dir/build
Building CXX object CMakeFiles/cmTC_99e3b.dir/src.cxx.o
/opt/local/bin/g++-mp-7    -O3 -DCOMPILER_SUPPORTS_CXX0X -fPIE   -std=c++0x -o CMakeFiles/cmTC_99e3b.dir/src.cxx.o -c /Users/bob/Src/sepVector/src/CMakeFiles/CMakeTmp/src.cxx
Linking CXX executable cmTC_99e3b
/opt/local/bin/cmake -E cmake_link_script CMakeFiles/cmTC_99e3b.dir/link.txt --verbose=1
/opt/local/bin/g++-mp-7  -O3 -DCOMPILER_SUPPORTS_CXX0X -Wl,-search_paths_first -Wl,-headerpad_max_install_names   CMakeFiles/cmTC_99e3b.dir/src.cxx.o  -o cmTC_99e3b 

Source file was:
int main() { return 0; }
Performing C++ SOURCE FILE Test HAS_CPP14_FLAG succeeded with the following output:
Change Dir: /Users/bob/Src/sepVector/src/CMakeFiles/CMakeTmp

Run Build Command:"/usr/bin/make" "cmTC_3bf07/fast"
/Applications/Xcode.app/Contents/Developer/usr/bin/make -f CMakeFiles/cmTC_3bf07.dir/build.make CMakeFiles/cmTC_3bf07.dir/build
Building CXX object CMakeFiles/cmTC_3bf07.dir/src.cxx.o
/opt/local/bin/g++-mp-7    -O3 -fpic -std=c++11 -DHAS_CPP14_FLAG -fPIE   -std=c++14 -o CMakeFiles/cmTC_3bf07.dir/src.cxx.o -c /Users/bob/Src/sepVector/src/CMakeFiles/CMakeTmp/src.cxx
Linking CXX executable cmTC_3bf07
/opt/local/bin/cmake -E cmake_link_script CMakeFiles/cmTC_3bf07.dir/link.txt --verbose=1
/opt/local/bin/g++-mp-7  -O3 -fpic -std=c++11 -DHAS_CPP14_FLAG -Wl,-search_paths_first -Wl,-headerpad_max_install_names   CMakeFiles/cmTC_3bf07.dir/src.cxx.o  -o cmTC_3bf07 

Source file was:
int main() { return 0; }
